./sv-SE/00a_preface.po
./sv-SE/00b_foreword.po
./sv-SE/01_the-debian-project.po
./sv-SE/02_case-study.po
./sv-SE/03_existing-setup.po
./sv-SE/04_installation.po
./sv-SE/05_packaging-system.po
./sv-SE/06_apt.po
./sv-SE/07_solving-problems.po
./sv-SE/08_basic-configuration.po
./sv-SE/09_unix-services.po
./sv-SE/10_network-infrastructure.po
./sv-SE/11_network-services.po
./sv-SE/12_advanced-administration.po
./sv-SE/13_workstation.po
./sv-SE/14_security.po
./sv-SE/15_debian-packaging.po
./sv-SE/70_conclusion.po
./sv-SE/90_derivative-distributions.po
./sv-SE/92_short-remedial-course.po
./sv-SE/99_backcover.po
./sv-SE/99_website.po
./sv-SE/Author_Group.po
./sv-SE/Book_Info.po
./sv-SE/Revision_History.po
./sv-SE/debian-handbook.po
identify-im6.q16: iCCP: profile 'icc': 'RGB ': RGB color space not permitted on grayscale PNG `./en-US/images/chap-basic-configuration.png' @ warning/png.c/MagickPNGWarningHandler/1665.
identify-im6.q16: iCCP: profile 'icc': 'RGB ': RGB color space not permitted on grayscale PNG `./en-US/images/chap-workstation.png' @ warning/png.c/MagickPNGWarningHandler/1665.
identify-im6.q16: iCCP: profile 'icc': 'RGB ': RGB color space not permitted on grayscale PNG `./en-US/images/chap-security.png' @ warning/png.c/MagickPNGWarningHandler/1665.
identify-im6.q16: iCCP: profile 'icc': 'RGB ': RGB color space not permitted on grayscale PNG `./en-US/images/chap-debian-packaging.png' @ warning/png.c/MagickPNGWarningHandler/1665.
identify-im6.q16: iCCP: profile 'icc': 'RGB ': RGB color space not permitted on grayscale PNG `./en-US/images/chap-conclusion.png' @ warning/png.c/MagickPNGWarningHandler/1665.
identify-im6.q16: iCCP: profile 'icc': 'RGB ': RGB color space not permitted on grayscale PNG `./en-US/images/chap-short-remedial-course.png' @ warning/png.c/MagickPNGWarningHandler/1665.
