./fa-IR/00a_preface.po
./fa-IR/00b_foreword.po
./fa-IR/01_the-debian-project.po
./fa-IR/02_case-study.po
./fa-IR/03_existing-setup.po
./fa-IR/04_installation.po
./fa-IR/05_packaging-system.po
./fa-IR/06_apt.po
./fa-IR/07_solving-problems.po
./fa-IR/08_basic-configuration.po
./fa-IR/09_unix-services.po
./fa-IR/10_network-infrastructure.po
./fa-IR/11_network-services.po
./fa-IR/12_advanced-administration.po
./fa-IR/13_workstation.po
./fa-IR/14_security.po
./fa-IR/15_debian-packaging.po
./fa-IR/70_conclusion.po
./fa-IR/90_derivative-distributions.po
./fa-IR/92_short-remedial-course.po
./fa-IR/99_backcover.po
./fa-IR/99_website.po
./fa-IR/Author_Group.po
./fa-IR/Book_Info.po
./fa-IR/Revision_History.po
./fa-IR/debian-handbook.po
identify-im6.q16: iCCP: profile 'icc': 'RGB ': RGB color space not permitted on grayscale PNG `./en-US/images/chap-basic-configuration.png' @ warning/png.c/MagickPNGWarningHandler/1667.
identify-im6.q16: iCCP: profile 'icc': 'RGB ': RGB color space not permitted on grayscale PNG `./en-US/images/chap-workstation.png' @ warning/png.c/MagickPNGWarningHandler/1667.
identify-im6.q16: iCCP: profile 'icc': 'RGB ': RGB color space not permitted on grayscale PNG `./en-US/images/chap-security.png' @ warning/png.c/MagickPNGWarningHandler/1667.
identify-im6.q16: iCCP: profile 'icc': 'RGB ': RGB color space not permitted on grayscale PNG `./en-US/images/chap-debian-packaging.png' @ warning/png.c/MagickPNGWarningHandler/1667.
identify-im6.q16: iCCP: profile 'icc': 'RGB ': RGB color space not permitted on grayscale PNG `./en-US/images/chap-conclusion.png' @ warning/png.c/MagickPNGWarningHandler/1667.
identify-im6.q16: iCCP: profile 'icc': 'RGB ': RGB color space not permitted on grayscale PNG `./en-US/images/chap-short-remedial-course.png' @ warning/png.c/MagickPNGWarningHandler/1667.
