./el-GR/00a_preface.po
./el-GR/00b_foreword.po
./el-GR/01_the-debian-project.po
./el-GR/02_case-study.po
./el-GR/03_existing-setup.po
./el-GR/04_installation.po
./el-GR/05_packaging-system.po
./el-GR/06_apt.po
./el-GR/07_solving-problems.po
./el-GR/08_basic-configuration.po
./el-GR/09_unix-services.po
./el-GR/10_network-infrastructure.po
./el-GR/11_network-services.po
./el-GR/12_advanced-administration.po
./el-GR/13_workstation.po
./el-GR/14_security.po
./el-GR/15_debian-packaging.po
./el-GR/70_conclusion.po
./el-GR/90_derivative-distributions.po
./el-GR/92_short-remedial-course.po
./el-GR/99_backcover.po
./el-GR/99_website.po
./el-GR/Author_Group.po
./el-GR/Book_Info.po
./el-GR/Revision_History.po
./el-GR/debian-handbook.po
identify-im6.q16: iCCP: profile 'icc': 'RGB ': RGB color space not permitted on grayscale PNG `./en-US/images/chap-basic-configuration.png' @ warning/png.c/MagickPNGWarningHandler/1667.
identify-im6.q16: iCCP: profile 'icc': 'RGB ': RGB color space not permitted on grayscale PNG `./en-US/images/chap-workstation.png' @ warning/png.c/MagickPNGWarningHandler/1667.
identify-im6.q16: iCCP: profile 'icc': 'RGB ': RGB color space not permitted on grayscale PNG `./en-US/images/chap-security.png' @ warning/png.c/MagickPNGWarningHandler/1667.
identify-im6.q16: iCCP: profile 'icc': 'RGB ': RGB color space not permitted on grayscale PNG `./en-US/images/chap-debian-packaging.png' @ warning/png.c/MagickPNGWarningHandler/1667.
identify-im6.q16: iCCP: profile 'icc': 'RGB ': RGB color space not permitted on grayscale PNG `./en-US/images/chap-conclusion.png' @ warning/png.c/MagickPNGWarningHandler/1667.
identify-im6.q16: iCCP: profile 'icc': 'RGB ': RGB color space not permitted on grayscale PNG `./en-US/images/chap-short-remedial-course.png' @ warning/png.c/MagickPNGWarningHandler/1667.
