./pl-PL/00a_preface.po
./pl-PL/00b_foreword.po
./pl-PL/01_the-debian-project.po
./pl-PL/02_case-study.po
./pl-PL/03_existing-setup.po
./pl-PL/04_installation.po
./pl-PL/05_packaging-system.po
./pl-PL/06_apt.po
./pl-PL/07_solving-problems.po
./pl-PL/08_basic-configuration.po
./pl-PL/09_unix-services.po
./pl-PL/10_network-infrastructure.po
./pl-PL/11_network-services.po
./pl-PL/12_advanced-administration.po
./pl-PL/13_workstation.po
./pl-PL/14_security.po
./pl-PL/15_debian-packaging.po
./pl-PL/70_conclusion.po
./pl-PL/90_derivative-distributions.po
./pl-PL/92_short-remedial-course.po
./pl-PL/99_backcover.po
./pl-PL/99_website.po
./pl-PL/Author_Group.po
./pl-PL/Book_Info.po
./pl-PL/Revision_History.po
./pl-PL/debian-handbook.po
identify-im6.q16: iCCP: profile 'icc': 'RGB ': RGB color space not permitted on grayscale PNG `./en-US/images/chap-basic-configuration.png' @ warning/png.c/MagickPNGWarningHandler/1665.
identify-im6.q16: iCCP: profile 'icc': 'RGB ': RGB color space not permitted on grayscale PNG `./en-US/images/chap-workstation.png' @ warning/png.c/MagickPNGWarningHandler/1665.
identify-im6.q16: iCCP: profile 'icc': 'RGB ': RGB color space not permitted on grayscale PNG `./en-US/images/chap-security.png' @ warning/png.c/MagickPNGWarningHandler/1665.
identify-im6.q16: iCCP: profile 'icc': 'RGB ': RGB color space not permitted on grayscale PNG `./en-US/images/chap-debian-packaging.png' @ warning/png.c/MagickPNGWarningHandler/1665.
identify-im6.q16: iCCP: profile 'icc': 'RGB ': RGB color space not permitted on grayscale PNG `./en-US/images/chap-conclusion.png' @ warning/png.c/MagickPNGWarningHandler/1665.
identify-im6.q16: iCCP: profile 'icc': 'RGB ': RGB color space not permitted on grayscale PNG `./en-US/images/chap-short-remedial-course.png' @ warning/png.c/MagickPNGWarningHandler/1665.
