./da-DK/00a_preface.po
./da-DK/00b_foreword.po
./da-DK/01_the-debian-project.po
./da-DK/02_case-study.po
./da-DK/03_existing-setup.po
./da-DK/04_installation.po
./da-DK/05_packaging-system.po
./da-DK/06_apt.po
./da-DK/07_solving-problems.po
./da-DK/08_basic-configuration.po
./da-DK/09_unix-services.po
./da-DK/10_network-infrastructure.po
./da-DK/11_network-services.po
./da-DK/12_advanced-administration.po
./da-DK/13_workstation.po
./da-DK/14_security.po
./da-DK/15_debian-packaging.po
./da-DK/70_conclusion.po
./da-DK/90_derivative-distributions.po
./da-DK/92_short-remedial-course.po
./da-DK/99_backcover.po
./da-DK/99_website.po
./da-DK/Author_Group.po
./da-DK/Book_Info.po
./da-DK/Revision_History.po
./da-DK/debian-handbook.po
identify-im6.q16: iCCP: profile 'icc': 'RGB ': RGB color space not permitted on grayscale PNG `./en-US/images/chap-basic-configuration.png' @ warning/png.c/MagickPNGWarningHandler/1665.
identify-im6.q16: iCCP: profile 'icc': 'RGB ': RGB color space not permitted on grayscale PNG `./en-US/images/chap-workstation.png' @ warning/png.c/MagickPNGWarningHandler/1665.
identify-im6.q16: iCCP: profile 'icc': 'RGB ': RGB color space not permitted on grayscale PNG `./en-US/images/chap-security.png' @ warning/png.c/MagickPNGWarningHandler/1665.
identify-im6.q16: iCCP: profile 'icc': 'RGB ': RGB color space not permitted on grayscale PNG `./en-US/images/chap-debian-packaging.png' @ warning/png.c/MagickPNGWarningHandler/1665.
identify-im6.q16: iCCP: profile 'icc': 'RGB ': RGB color space not permitted on grayscale PNG `./en-US/images/chap-conclusion.png' @ warning/png.c/MagickPNGWarningHandler/1665.
identify-im6.q16: iCCP: profile 'icc': 'RGB ': RGB color space not permitted on grayscale PNG `./en-US/images/chap-short-remedial-course.png' @ warning/png.c/MagickPNGWarningHandler/1665.
