./zh-CN/00a_preface.po
./zh-CN/00b_foreword.po
./zh-CN/01_the-debian-project.po
./zh-CN/02_case-study.po
./zh-CN/03_existing-setup.po
./zh-CN/04_installation.po
./zh-CN/05_packaging-system.po
./zh-CN/06_apt.po
./zh-CN/07_solving-problems.po
./zh-CN/08_basic-configuration.po
./zh-CN/09_unix-services.po
./zh-CN/10_network-infrastructure.po
./zh-CN/11_network-services.po
./zh-CN/12_advanced-administration.po
./zh-CN/13_workstation.po
./zh-CN/14_security.po
./zh-CN/15_debian-packaging.po
./zh-CN/70_conclusion.po
./zh-CN/90_derivative-distributions.po
./zh-CN/92_short-remedial-course.po
./zh-CN/99_backcover.po
./zh-CN/99_website.po
./zh-CN/Author_Group.po
./zh-CN/Book_Info.po
./zh-CN/Revision_History.po
./zh-CN/debian-handbook.po
identify-im6.q16: iCCP: profile 'icc': 'RGB ': RGB color space not permitted on grayscale PNG `./en-US/images/chap-basic-configuration.png' @ warning/png.c/MagickPNGWarningHandler/1667.
identify-im6.q16: iCCP: profile 'icc': 'RGB ': RGB color space not permitted on grayscale PNG `./en-US/images/chap-workstation.png' @ warning/png.c/MagickPNGWarningHandler/1667.
identify-im6.q16: iCCP: profile 'icc': 'RGB ': RGB color space not permitted on grayscale PNG `./en-US/images/chap-security.png' @ warning/png.c/MagickPNGWarningHandler/1667.
identify-im6.q16: iCCP: profile 'icc': 'RGB ': RGB color space not permitted on grayscale PNG `./en-US/images/chap-debian-packaging.png' @ warning/png.c/MagickPNGWarningHandler/1667.
identify-im6.q16: iCCP: profile 'icc': 'RGB ': RGB color space not permitted on grayscale PNG `./en-US/images/chap-conclusion.png' @ warning/png.c/MagickPNGWarningHandler/1667.
identify-im6.q16: iCCP: profile 'icc': 'RGB ': RGB color space not permitted on grayscale PNG `./en-US/images/chap-short-remedial-course.png' @ warning/png.c/MagickPNGWarningHandler/1667.
