./vi-VN/00a_preface.po
./vi-VN/00b_foreword.po
./vi-VN/01_the-debian-project.po
./vi-VN/02_case-study.po
./vi-VN/03_existing-setup.po
./vi-VN/04_installation.po
./vi-VN/05_packaging-system.po
./vi-VN/06_apt.po
./vi-VN/07_solving-problems.po
./vi-VN/08_basic-configuration.po
./vi-VN/09_unix-services.po
./vi-VN/10_network-infrastructure.po
./vi-VN/11_network-services.po
./vi-VN/12_advanced-administration.po
./vi-VN/13_workstation.po
./vi-VN/14_security.po
./vi-VN/15_debian-packaging.po
./vi-VN/70_conclusion.po
./vi-VN/90_derivative-distributions.po
./vi-VN/92_short-remedial-course.po
./vi-VN/99_backcover.po
./vi-VN/99_website.po
./vi-VN/Author_Group.po
./vi-VN/Book_Info.po
./vi-VN/Revision_History.po
./vi-VN/debian-handbook.po
identify-im6.q16: iCCP: profile 'icc': 'RGB ': RGB color space not permitted on grayscale PNG `./en-US/images/chap-basic-configuration.png' @ warning/png.c/MagickPNGWarningHandler/1665.
identify-im6.q16: iCCP: profile 'icc': 'RGB ': RGB color space not permitted on grayscale PNG `./en-US/images/chap-workstation.png' @ warning/png.c/MagickPNGWarningHandler/1665.
identify-im6.q16: iCCP: profile 'icc': 'RGB ': RGB color space not permitted on grayscale PNG `./en-US/images/chap-security.png' @ warning/png.c/MagickPNGWarningHandler/1665.
identify-im6.q16: iCCP: profile 'icc': 'RGB ': RGB color space not permitted on grayscale PNG `./en-US/images/chap-debian-packaging.png' @ warning/png.c/MagickPNGWarningHandler/1665.
identify-im6.q16: iCCP: profile 'icc': 'RGB ': RGB color space not permitted on grayscale PNG `./en-US/images/chap-conclusion.png' @ warning/png.c/MagickPNGWarningHandler/1665.
identify-im6.q16: iCCP: profile 'icc': 'RGB ': RGB color space not permitted on grayscale PNG `./en-US/images/chap-short-remedial-course.png' @ warning/png.c/MagickPNGWarningHandler/1665.
