./es-ES/00a_preface.po
./es-ES/00b_foreword.po
./es-ES/01_the-debian-project.po
./es-ES/02_case-study.po
./es-ES/03_existing-setup.po
./es-ES/04_installation.po
./es-ES/05_packaging-system.po
./es-ES/06_apt.po
./es-ES/07_solving-problems.po
./es-ES/08_basic-configuration.po
./es-ES/09_unix-services.po
./es-ES/10_network-infrastructure.po
./es-ES/11_network-services.po
./es-ES/12_advanced-administration.po
./es-ES/13_workstation.po
./es-ES/14_security.po
./es-ES/15_debian-packaging.po
./es-ES/70_conclusion.po
./es-ES/90_derivative-distributions.po
./es-ES/92_short-remedial-course.po
./es-ES/99_backcover.po
./es-ES/99_website.po
./es-ES/Author_Group.po
./es-ES/Book_Info.po
./es-ES/Revision_History.po
./es-ES/debian-handbook.po
identify-im6.q16: iCCP: profile 'icc': 'RGB ': RGB color space not permitted on grayscale PNG `./en-US/images/chap-basic-configuration.png' @ warning/png.c/MagickPNGWarningHandler/1665.
identify-im6.q16: iCCP: profile 'icc': 'RGB ': RGB color space not permitted on grayscale PNG `./en-US/images/chap-workstation.png' @ warning/png.c/MagickPNGWarningHandler/1665.
identify-im6.q16: iCCP: profile 'icc': 'RGB ': RGB color space not permitted on grayscale PNG `./en-US/images/chap-security.png' @ warning/png.c/MagickPNGWarningHandler/1665.
identify-im6.q16: iCCP: profile 'icc': 'RGB ': RGB color space not permitted on grayscale PNG `./en-US/images/chap-debian-packaging.png' @ warning/png.c/MagickPNGWarningHandler/1665.
identify-im6.q16: iCCP: profile 'icc': 'RGB ': RGB color space not permitted on grayscale PNG `./en-US/images/chap-conclusion.png' @ warning/png.c/MagickPNGWarningHandler/1665.
identify-im6.q16: iCCP: profile 'icc': 'RGB ': RGB color space not permitted on grayscale PNG `./en-US/images/chap-short-remedial-course.png' @ warning/png.c/MagickPNGWarningHandler/1665.
