./se-SV/00a_preface.po
./se-SV/00b_foreword.po
./se-SV/01_the-debian-project.po
./se-SV/02_case-study.po
./se-SV/03_existing-setup.po
./se-SV/04_installation.po
./se-SV/05_packaging-system.po
./se-SV/06_apt.po
./se-SV/07_solving-problems.po
./se-SV/08_basic-configuration.po
./se-SV/09_unix-services.po
./se-SV/10_network-infrastructure.po
./se-SV/11_network-services.po
./se-SV/12_advanced-administration.po
./se-SV/13_workstation.po
./se-SV/14_security.po
./se-SV/15_debian-packaging.po
./se-SV/70_conclusion.po
./se-SV/90_derivative-distributions.po
./se-SV/92_short-remedial-course.po
./se-SV/99_backcover.po
./se-SV/99_website.po
./se-SV/Author_Group.po
./se-SV/Book_Info.po
./se-SV/Revision_History.po
./se-SV/debian-handbook.po
identify-im6.q16: iCCP: profile 'icc': 'RGB ': RGB color space not permitted on grayscale PNG `./en-US/images/chap-basic-configuration.png' @ warning/png.c/MagickPNGWarningHandler/1654.
identify-im6.q16: iCCP: profile 'icc': 'RGB ': RGB color space not permitted on grayscale PNG `./en-US/images/chap-workstation.png' @ warning/png.c/MagickPNGWarningHandler/1654.
identify-im6.q16: iCCP: profile 'icc': 'RGB ': RGB color space not permitted on grayscale PNG `./en-US/images/chap-security.png' @ warning/png.c/MagickPNGWarningHandler/1654.
identify-im6.q16: iCCP: profile 'icc': 'RGB ': RGB color space not permitted on grayscale PNG `./en-US/images/chap-debian-packaging.png' @ warning/png.c/MagickPNGWarningHandler/1654.
identify-im6.q16: iCCP: profile 'icc': 'RGB ': RGB color space not permitted on grayscale PNG `./en-US/images/chap-conclusion.png' @ warning/png.c/MagickPNGWarningHandler/1654.
identify-im6.q16: iCCP: profile 'icc': 'RGB ': RGB color space not permitted on grayscale PNG `./en-US/images/chap-short-remedial-course.png' @ warning/png.c/MagickPNGWarningHandler/1654.
