./it-IT/00a_preface.po
./it-IT/00b_foreword.po
./it-IT/01_the-debian-project.po
./it-IT/02_case-study.po
./it-IT/03_existing-setup.po
./it-IT/04_installation.po
./it-IT/05_packaging-system.po
./it-IT/06_apt.po
./it-IT/07_solving-problems.po
./it-IT/08_basic-configuration.po
./it-IT/09_unix-services.po
./it-IT/10_network-infrastructure.po
./it-IT/11_network-services.po
./it-IT/12_advanced-administration.po
./it-IT/13_workstation.po
./it-IT/14_security.po
./it-IT/15_debian-packaging.po
./it-IT/70_conclusion.po
./it-IT/90_derivative-distributions.po
./it-IT/92_short-remedial-course.po
./it-IT/99_backcover.po
./it-IT/99_website.po
./it-IT/Author_Group.po
./it-IT/Book_Info.po
./it-IT/Revision_History.po
./it-IT/debian-handbook.po
identify-im6.q16: iCCP: profile 'icc': 'RGB ': RGB color space not permitted on grayscale PNG `./en-US/images/chap-basic-configuration.png' @ warning/png.c/MagickPNGWarningHandler/1667.
identify-im6.q16: iCCP: profile 'icc': 'RGB ': RGB color space not permitted on grayscale PNG `./en-US/images/chap-workstation.png' @ warning/png.c/MagickPNGWarningHandler/1667.
identify-im6.q16: iCCP: profile 'icc': 'RGB ': RGB color space not permitted on grayscale PNG `./en-US/images/chap-security.png' @ warning/png.c/MagickPNGWarningHandler/1667.
identify-im6.q16: iCCP: profile 'icc': 'RGB ': RGB color space not permitted on grayscale PNG `./en-US/images/chap-debian-packaging.png' @ warning/png.c/MagickPNGWarningHandler/1667.
identify-im6.q16: iCCP: profile 'icc': 'RGB ': RGB color space not permitted on grayscale PNG `./en-US/images/chap-conclusion.png' @ warning/png.c/MagickPNGWarningHandler/1667.
identify-im6.q16: iCCP: profile 'icc': 'RGB ': RGB color space not permitted on grayscale PNG `./en-US/images/chap-short-remedial-course.png' @ warning/png.c/MagickPNGWarningHandler/1667.
