./nb-NO/00a_preface.po
./nb-NO/00b_foreword.po
./nb-NO/01_the-debian-project.po
./nb-NO/02_case-study.po
./nb-NO/03_existing-setup.po
./nb-NO/04_installation.po
./nb-NO/05_packaging-system.po
./nb-NO/06_apt.po
./nb-NO/07_solving-problems.po
./nb-NO/08_basic-configuration.po
./nb-NO/09_unix-services.po
./nb-NO/10_network-infrastructure.po
./nb-NO/11_network-services.po
./nb-NO/12_advanced-administration.po
./nb-NO/13_workstation.po
./nb-NO/14_security.po
./nb-NO/15_debian-packaging.po
./nb-NO/70_conclusion.po
./nb-NO/90_derivative-distributions.po
./nb-NO/92_short-remedial-course.po
./nb-NO/99_backcover.po
./nb-NO/99_website.po
./nb-NO/Author_Group.po
./nb-NO/Book_Info.po
./nb-NO/Revision_History.po
./nb-NO/debian-handbook.po
identify-im6.q16: iCCP: profile 'icc': 'RGB ': RGB color space not permitted on grayscale PNG `./en-US/images/chap-basic-configuration.png' @ warning/png.c/MagickPNGWarningHandler/1656.
identify-im6.q16: iCCP: profile 'icc': 'RGB ': RGB color space not permitted on grayscale PNG `./en-US/images/chap-workstation.png' @ warning/png.c/MagickPNGWarningHandler/1656.
identify-im6.q16: iCCP: profile 'icc': 'RGB ': RGB color space not permitted on grayscale PNG `./en-US/images/chap-security.png' @ warning/png.c/MagickPNGWarningHandler/1656.
identify-im6.q16: iCCP: profile 'icc': 'RGB ': RGB color space not permitted on grayscale PNG `./en-US/images/chap-debian-packaging.png' @ warning/png.c/MagickPNGWarningHandler/1656.
identify-im6.q16: iCCP: profile 'icc': 'RGB ': RGB color space not permitted on grayscale PNG `./en-US/images/chap-conclusion.png' @ warning/png.c/MagickPNGWarningHandler/1656.
identify-im6.q16: iCCP: profile 'icc': 'RGB ': RGB color space not permitted on grayscale PNG `./en-US/images/chap-short-remedial-course.png' @ warning/png.c/MagickPNGWarningHandler/1656.
