./ja-JP/00a_preface.po
./ja-JP/00b_foreword.po
./ja-JP/01_the-debian-project.po
./ja-JP/02_case-study.po
./ja-JP/03_existing-setup.po
./ja-JP/04_installation.po
./ja-JP/05_packaging-system.po
./ja-JP/06_apt.po
./ja-JP/07_solving-problems.po
./ja-JP/08_basic-configuration.po
./ja-JP/09_unix-services.po
./ja-JP/10_network-infrastructure.po
./ja-JP/11_network-services.po
./ja-JP/12_advanced-administration.po
./ja-JP/13_workstation.po
./ja-JP/14_security.po
./ja-JP/15_debian-packaging.po
./ja-JP/70_conclusion.po
./ja-JP/90_derivative-distributions.po
./ja-JP/92_short-remedial-course.po
./ja-JP/99_backcover.po
./ja-JP/99_website.po
./ja-JP/Author_Group.po
./ja-JP/Book_Info.po
./ja-JP/Revision_History.po
./ja-JP/debian-handbook.po
identify-im6.q16: iCCP: profile 'icc': 'RGB ': RGB color space not permitted on grayscale PNG `./en-US/images/chap-basic-configuration.png' @ warning/png.c/MagickPNGWarningHandler/1665.
identify-im6.q16: iCCP: profile 'icc': 'RGB ': RGB color space not permitted on grayscale PNG `./en-US/images/chap-workstation.png' @ warning/png.c/MagickPNGWarningHandler/1665.
identify-im6.q16: iCCP: profile 'icc': 'RGB ': RGB color space not permitted on grayscale PNG `./en-US/images/chap-security.png' @ warning/png.c/MagickPNGWarningHandler/1665.
identify-im6.q16: iCCP: profile 'icc': 'RGB ': RGB color space not permitted on grayscale PNG `./en-US/images/chap-debian-packaging.png' @ warning/png.c/MagickPNGWarningHandler/1665.
identify-im6.q16: iCCP: profile 'icc': 'RGB ': RGB color space not permitted on grayscale PNG `./en-US/images/chap-conclusion.png' @ warning/png.c/MagickPNGWarningHandler/1665.
identify-im6.q16: iCCP: profile 'icc': 'RGB ': RGB color space not permitted on grayscale PNG `./en-US/images/chap-short-remedial-course.png' @ warning/png.c/MagickPNGWarningHandler/1665.
