./nl-NL/00a_preface.po
./nl-NL/00b_foreword.po
./nl-NL/01_the-debian-project.po
./nl-NL/02_case-study.po
./nl-NL/03_existing-setup.po
./nl-NL/04_installation.po
./nl-NL/05_packaging-system.po
./nl-NL/06_apt.po
./nl-NL/07_solving-problems.po
./nl-NL/08_basic-configuration.po
./nl-NL/09_unix-services.po
./nl-NL/10_network-infrastructure.po
./nl-NL/11_network-services.po
./nl-NL/12_advanced-administration.po
./nl-NL/13_workstation.po
./nl-NL/14_security.po
./nl-NL/15_debian-packaging.po
./nl-NL/70_conclusion.po
./nl-NL/90_derivative-distributions.po
./nl-NL/92_short-remedial-course.po
./nl-NL/99_backcover.po
./nl-NL/99_website.po
./nl-NL/Author_Group.po
./nl-NL/Book_Info.po
./nl-NL/Revision_History.po
./nl-NL/debian-handbook.po
identify-im6.q16: iCCP: profile 'icc': 'RGB ': RGB color space not permitted on grayscale PNG `./en-US/images/chap-basic-configuration.png' @ warning/png.c/MagickPNGWarningHandler/1665.
identify-im6.q16: iCCP: profile 'icc': 'RGB ': RGB color space not permitted on grayscale PNG `./en-US/images/chap-workstation.png' @ warning/png.c/MagickPNGWarningHandler/1665.
identify-im6.q16: iCCP: profile 'icc': 'RGB ': RGB color space not permitted on grayscale PNG `./en-US/images/chap-security.png' @ warning/png.c/MagickPNGWarningHandler/1665.
identify-im6.q16: iCCP: profile 'icc': 'RGB ': RGB color space not permitted on grayscale PNG `./en-US/images/chap-debian-packaging.png' @ warning/png.c/MagickPNGWarningHandler/1665.
identify-im6.q16: iCCP: profile 'icc': 'RGB ': RGB color space not permitted on grayscale PNG `./en-US/images/chap-conclusion.png' @ warning/png.c/MagickPNGWarningHandler/1665.
identify-im6.q16: iCCP: profile 'icc': 'RGB ': RGB color space not permitted on grayscale PNG `./nl-NL/images/chap-conclusion.png' @ warning/png.c/MagickPNGWarningHandler/1665.
identify-im6.q16: iCCP: profile 'icc': 'RGB ': RGB color space not permitted on grayscale PNG `./en-US/images/chap-short-remedial-course.png' @ warning/png.c/MagickPNGWarningHandler/1665.
