./fr-FR/00a_preface.po
./fr-FR/00b_foreword.po
./fr-FR/01_the-debian-project.po
./fr-FR/02_case-study.po
./fr-FR/03_existing-setup.po
./fr-FR/04_installation.po
./fr-FR/05_packaging-system.po
./fr-FR/06_apt.po
./fr-FR/07_solving-problems.po
./fr-FR/08_basic-configuration.po
./fr-FR/09_unix-services.po
./fr-FR/10_network-infrastructure.po
./fr-FR/11_network-services.po
./fr-FR/12_advanced-administration.po
./fr-FR/13_workstation.po
./fr-FR/14_security.po
./fr-FR/15_debian-packaging.po
./fr-FR/70_conclusion.po
./fr-FR/90_derivative-distributions.po
./fr-FR/92_short-remedial-course.po
./fr-FR/99_backcover.po
./fr-FR/99_website.po
./fr-FR/Author_Group.po
./fr-FR/Book_Info.po
./fr-FR/Revision_History.po
./fr-FR/debian-handbook.po
identify-im6.q16: iCCP: profile 'icc': 'RGB ': RGB color space not permitted on grayscale PNG `./en-US/images/chap-basic-configuration.png' @ warning/png.c/MagickPNGWarningHandler/1656.
identify-im6.q16: iCCP: profile 'icc': 'RGB ': RGB color space not permitted on grayscale PNG `./en-US/images/chap-workstation.png' @ warning/png.c/MagickPNGWarningHandler/1656.
identify-im6.q16: iCCP: profile 'icc': 'RGB ': RGB color space not permitted on grayscale PNG `./en-US/images/chap-security.png' @ warning/png.c/MagickPNGWarningHandler/1656.
identify-im6.q16: iCCP: profile 'icc': 'RGB ': RGB color space not permitted on grayscale PNG `./en-US/images/chap-debian-packaging.png' @ warning/png.c/MagickPNGWarningHandler/1656.
identify-im6.q16: iCCP: profile 'icc': 'RGB ': RGB color space not permitted on grayscale PNG `./en-US/images/chap-conclusion.png' @ warning/png.c/MagickPNGWarningHandler/1656.
identify-im6.q16: iCCP: profile 'icc': 'RGB ': RGB color space not permitted on grayscale PNG `./en-US/images/chap-short-remedial-course.png' @ warning/png.c/MagickPNGWarningHandler/1656.
