./pt-BR/00a_preface.po
./pt-BR/00b_foreword.po
./pt-BR/01_the-debian-project.po
./pt-BR/02_case-study.po
./pt-BR/03_existing-setup.po
./pt-BR/04_installation.po
./pt-BR/05_packaging-system.po
./pt-BR/06_apt.po
./pt-BR/07_solving-problems.po
./pt-BR/08_basic-configuration.po
./pt-BR/09_unix-services.po
./pt-BR/10_network-infrastructure.po
./pt-BR/11_network-services.po
./pt-BR/12_advanced-administration.po
./pt-BR/13_workstation.po
./pt-BR/14_security.po
./pt-BR/15_debian-packaging.po
./pt-BR/70_conclusion.po
./pt-BR/90_derivative-distributions.po
./pt-BR/92_short-remedial-course.po
./pt-BR/99_backcover.po
./pt-BR/99_website.po
./pt-BR/Author_Group.po
./pt-BR/Book_Info.po
./pt-BR/Revision_History.po
./pt-BR/debian-handbook.po
identify-im6.q16: iCCP: profile 'icc': 'RGB ': RGB color space not permitted on grayscale PNG `./en-US/images/chap-basic-configuration.png' @ warning/png.c/MagickPNGWarningHandler/1667.
identify-im6.q16: iCCP: profile 'icc': 'RGB ': RGB color space not permitted on grayscale PNG `./en-US/images/chap-workstation.png' @ warning/png.c/MagickPNGWarningHandler/1667.
identify-im6.q16: iCCP: profile 'icc': 'RGB ': RGB color space not permitted on grayscale PNG `./en-US/images/chap-security.png' @ warning/png.c/MagickPNGWarningHandler/1667.
identify-im6.q16: iCCP: profile 'icc': 'RGB ': RGB color space not permitted on grayscale PNG `./en-US/images/chap-debian-packaging.png' @ warning/png.c/MagickPNGWarningHandler/1667.
identify-im6.q16: iCCP: profile 'icc': 'RGB ': RGB color space not permitted on grayscale PNG `./en-US/images/chap-conclusion.png' @ warning/png.c/MagickPNGWarningHandler/1667.
identify-im6.q16: iCCP: profile 'icc': 'RGB ': RGB color space not permitted on grayscale PNG `./en-US/images/chap-short-remedial-course.png' @ warning/png.c/MagickPNGWarningHandler/1667.
