./ko-KR/00a_preface.po
./ko-KR/00b_foreword.po
./ko-KR/01_the-debian-project.po
./ko-KR/02_case-study.po
./ko-KR/03_existing-setup.po
./ko-KR/04_installation.po
./ko-KR/05_packaging-system.po
./ko-KR/06_apt.po
./ko-KR/07_solving-problems.po
./ko-KR/08_basic-configuration.po
./ko-KR/09_unix-services.po
./ko-KR/10_network-infrastructure.po
./ko-KR/11_network-services.po
./ko-KR/12_advanced-administration.po
./ko-KR/13_workstation.po
./ko-KR/14_security.po
./ko-KR/15_debian-packaging.po
./ko-KR/70_conclusion.po
./ko-KR/90_derivative-distributions.po
./ko-KR/92_short-remedial-course.po
./ko-KR/99_backcover.po
./ko-KR/99_website.po
./ko-KR/Author_Group.po
./ko-KR/Book_Info.po
./ko-KR/Revision_History.po
./ko-KR/debian-handbook.po
identify-im6.q16: iCCP: profile 'icc': 'RGB ': RGB color space not permitted on grayscale PNG `./en-US/images/chap-basic-configuration.png' @ warning/png.c/MagickPNGWarningHandler/1656.
identify-im6.q16: iCCP: profile 'icc': 'RGB ': RGB color space not permitted on grayscale PNG `./en-US/images/chap-workstation.png' @ warning/png.c/MagickPNGWarningHandler/1656.
identify-im6.q16: iCCP: profile 'icc': 'RGB ': RGB color space not permitted on grayscale PNG `./en-US/images/chap-security.png' @ warning/png.c/MagickPNGWarningHandler/1656.
identify-im6.q16: iCCP: profile 'icc': 'RGB ': RGB color space not permitted on grayscale PNG `./en-US/images/chap-debian-packaging.png' @ warning/png.c/MagickPNGWarningHandler/1656.
identify-im6.q16: iCCP: profile 'icc': 'RGB ': RGB color space not permitted on grayscale PNG `./en-US/images/chap-conclusion.png' @ warning/png.c/MagickPNGWarningHandler/1656.
identify-im6.q16: iCCP: profile 'icc': 'RGB ': RGB color space not permitted on grayscale PNG `./en-US/images/chap-short-remedial-course.png' @ warning/png.c/MagickPNGWarningHandler/1656.
