./zh-TW/00a_preface.po
./zh-TW/00b_foreword.po
./zh-TW/01_the-debian-project.po
./zh-TW/02_case-study.po
./zh-TW/03_existing-setup.po
./zh-TW/04_installation.po
./zh-TW/05_packaging-system.po
./zh-TW/06_apt.po
./zh-TW/07_solving-problems.po
./zh-TW/08_basic-configuration.po
./zh-TW/09_unix-services.po
./zh-TW/10_network-infrastructure.po
./zh-TW/11_network-services.po
./zh-TW/12_advanced-administration.po
./zh-TW/13_workstation.po
./zh-TW/14_security.po
./zh-TW/15_debian-packaging.po
./zh-TW/70_conclusion.po
./zh-TW/90_derivative-distributions.po
./zh-TW/92_short-remedial-course.po
./zh-TW/99_backcover.po
./zh-TW/99_website.po
./zh-TW/Author_Group.po
./zh-TW/Book_Info.po
./zh-TW/Revision_History.po
./zh-TW/debian-handbook.po
identify-im6.q16: iCCP: profile 'icc': 'RGB ': RGB color space not permitted on grayscale PNG `./en-US/images/chap-basic-configuration.png' @ warning/png.c/MagickPNGWarningHandler/1654.
identify-im6.q16: iCCP: profile 'icc': 'RGB ': RGB color space not permitted on grayscale PNG `./en-US/images/chap-workstation.png' @ warning/png.c/MagickPNGWarningHandler/1654.
identify-im6.q16: iCCP: profile 'icc': 'RGB ': RGB color space not permitted on grayscale PNG `./en-US/images/chap-security.png' @ warning/png.c/MagickPNGWarningHandler/1654.
identify-im6.q16: iCCP: profile 'icc': 'RGB ': RGB color space not permitted on grayscale PNG `./en-US/images/chap-debian-packaging.png' @ warning/png.c/MagickPNGWarningHandler/1654.
identify-im6.q16: iCCP: profile 'icc': 'RGB ': RGB color space not permitted on grayscale PNG `./en-US/images/chap-conclusion.png' @ warning/png.c/MagickPNGWarningHandler/1654.
identify-im6.q16: iCCP: profile 'icc': 'RGB ': RGB color space not permitted on grayscale PNG `./en-US/images/chap-short-remedial-course.png' @ warning/png.c/MagickPNGWarningHandler/1654.
