./de-DE/00a_preface.po
./de-DE/00b_foreword.po
./de-DE/01_the-debian-project.po
./de-DE/02_case-study.po
./de-DE/03_existing-setup.po
./de-DE/04_installation.po
./de-DE/05_packaging-system.po
./de-DE/06_apt.po
./de-DE/07_solving-problems.po
./de-DE/08_basic-configuration.po
./de-DE/09_unix-services.po
./de-DE/10_network-infrastructure.po
./de-DE/11_network-services.po
./de-DE/12_advanced-administration.po
./de-DE/13_workstation.po
./de-DE/14_security.po
./de-DE/15_debian-packaging.po
./de-DE/70_conclusion.po
./de-DE/90_derivative-distributions.po
./de-DE/92_short-remedial-course.po
./de-DE/99_backcover.po
./de-DE/99_website.po
./de-DE/Author_Group.po
./de-DE/Book_Info.po
./de-DE/Revision_History.po
./de-DE/debian-handbook.po
identify-im6.q16: iCCP: profile 'icc': 'RGB ': RGB color space not permitted on grayscale PNG `./en-US/images/chap-basic-configuration.png' @ warning/png.c/MagickPNGWarningHandler/1654.
identify-im6.q16: iCCP: profile 'icc': 'RGB ': RGB color space not permitted on grayscale PNG `./en-US/images/chap-workstation.png' @ warning/png.c/MagickPNGWarningHandler/1654.
identify-im6.q16: iCCP: profile 'icc': 'RGB ': RGB color space not permitted on grayscale PNG `./en-US/images/chap-security.png' @ warning/png.c/MagickPNGWarningHandler/1654.
identify-im6.q16: iCCP: profile 'icc': 'RGB ': RGB color space not permitted on grayscale PNG `./en-US/images/chap-debian-packaging.png' @ warning/png.c/MagickPNGWarningHandler/1654.
identify-im6.q16: iCCP: profile 'icc': 'RGB ': RGB color space not permitted on grayscale PNG `./en-US/images/chap-conclusion.png' @ warning/png.c/MagickPNGWarningHandler/1654.
identify-im6.q16: iCCP: profile 'icc': 'RGB ': RGB color space not permitted on grayscale PNG `./en-US/images/chap-short-remedial-course.png' @ warning/png.c/MagickPNGWarningHandler/1654.
