./hr-HR/00a_preface.po
./hr-HR/00b_foreword.po
./hr-HR/01_the-debian-project.po
./hr-HR/02_case-study.po
./hr-HR/03_existing-setup.po
./hr-HR/04_installation.po
./hr-HR/05_packaging-system.po
./hr-HR/06_apt.po
./hr-HR/07_solving-problems.po
./hr-HR/08_basic-configuration.po
./hr-HR/09_unix-services.po
./hr-HR/10_network-infrastructure.po
./hr-HR/11_network-services.po
./hr-HR/12_advanced-administration.po
./hr-HR/13_workstation.po
./hr-HR/14_security.po
./hr-HR/15_debian-packaging.po
./hr-HR/70_conclusion.po
./hr-HR/90_derivative-distributions.po
./hr-HR/92_short-remedial-course.po
./hr-HR/99_backcover.po
./hr-HR/99_website.po
./hr-HR/Author_Group.po
./hr-HR/Book_Info.po
./hr-HR/Revision_History.po
./hr-HR/debian-handbook.po
identify-im6.q16: iCCP: profile 'icc': 'RGB ': RGB color space not permitted on grayscale PNG `./en-US/images/chap-basic-configuration.png' @ warning/png.c/MagickPNGWarningHandler/1665.
identify-im6.q16: iCCP: profile 'icc': 'RGB ': RGB color space not permitted on grayscale PNG `./en-US/images/chap-workstation.png' @ warning/png.c/MagickPNGWarningHandler/1665.
identify-im6.q16: iCCP: profile 'icc': 'RGB ': RGB color space not permitted on grayscale PNG `./en-US/images/chap-security.png' @ warning/png.c/MagickPNGWarningHandler/1665.
identify-im6.q16: iCCP: profile 'icc': 'RGB ': RGB color space not permitted on grayscale PNG `./en-US/images/chap-debian-packaging.png' @ warning/png.c/MagickPNGWarningHandler/1665.
identify-im6.q16: iCCP: profile 'icc': 'RGB ': RGB color space not permitted on grayscale PNG `./en-US/images/chap-conclusion.png' @ warning/png.c/MagickPNGWarningHandler/1665.
identify-im6.q16: iCCP: profile 'icc': 'RGB ': RGB color space not permitted on grayscale PNG `./en-US/images/chap-short-remedial-course.png' @ warning/png.c/MagickPNGWarningHandler/1665.
