./id-ID/00a_preface.po
./id-ID/00b_foreword.po
./id-ID/01_the-debian-project.po
./id-ID/02_case-study.po
./id-ID/03_existing-setup.po
./id-ID/04_installation.po
./id-ID/05_packaging-system.po
./id-ID/06_apt.po
./id-ID/07_solving-problems.po
./id-ID/08_basic-configuration.po
./id-ID/09_unix-services.po
./id-ID/10_network-infrastructure.po
./id-ID/11_network-services.po
./id-ID/12_advanced-administration.po
./id-ID/13_workstation.po
./id-ID/14_security.po
./id-ID/15_debian-packaging.po
./id-ID/70_conclusion.po
./id-ID/90_derivative-distributions.po
./id-ID/92_short-remedial-course.po
./id-ID/99_backcover.po
./id-ID/99_website.po
./id-ID/Author_Group.po
./id-ID/Book_Info.po
./id-ID/Revision_History.po
./id-ID/debian-handbook.po
identify-im6.q16: iCCP: profile 'icc': 'RGB ': RGB color space not permitted on grayscale PNG `./en-US/images/chap-basic-configuration.png' @ warning/png.c/MagickPNGWarningHandler/1667.
identify-im6.q16: iCCP: profile 'icc': 'RGB ': RGB color space not permitted on grayscale PNG `./en-US/images/chap-workstation.png' @ warning/png.c/MagickPNGWarningHandler/1667.
identify-im6.q16: iCCP: profile 'icc': 'RGB ': RGB color space not permitted on grayscale PNG `./en-US/images/chap-security.png' @ warning/png.c/MagickPNGWarningHandler/1667.
identify-im6.q16: iCCP: profile 'icc': 'RGB ': RGB color space not permitted on grayscale PNG `./en-US/images/chap-debian-packaging.png' @ warning/png.c/MagickPNGWarningHandler/1667.
identify-im6.q16: iCCP: profile 'icc': 'RGB ': RGB color space not permitted on grayscale PNG `./en-US/images/chap-conclusion.png' @ warning/png.c/MagickPNGWarningHandler/1667.
identify-im6.q16: iCCP: profile 'icc': 'RGB ': RGB color space not permitted on grayscale PNG `./en-US/images/chap-short-remedial-course.png' @ warning/png.c/MagickPNGWarningHandler/1667.
