./tr-TR/00a_preface.po
./tr-TR/00b_foreword.po
./tr-TR/01_the-debian-project.po
./tr-TR/02_case-study.po
./tr-TR/03_existing-setup.po
./tr-TR/04_installation.po
./tr-TR/05_packaging-system.po
./tr-TR/06_apt.po
./tr-TR/07_solving-problems.po
./tr-TR/08_basic-configuration.po
./tr-TR/09_unix-services.po
./tr-TR/10_network-infrastructure.po
./tr-TR/11_network-services.po
./tr-TR/12_advanced-administration.po
./tr-TR/13_workstation.po
./tr-TR/14_security.po
./tr-TR/15_debian-packaging.po
./tr-TR/70_conclusion.po
./tr-TR/90_derivative-distributions.po
./tr-TR/92_short-remedial-course.po
./tr-TR/99_backcover.po
./tr-TR/99_website.po
./tr-TR/Author_Group.po
./tr-TR/Book_Info.po
./tr-TR/Revision_History.po
./tr-TR/debian-handbook.po
identify-im6.q16: iCCP: profile 'icc': 'RGB ': RGB color space not permitted on grayscale PNG `./en-US/images/chap-basic-configuration.png' @ warning/png.c/MagickPNGWarningHandler/1665.
identify-im6.q16: iCCP: profile 'icc': 'RGB ': RGB color space not permitted on grayscale PNG `./en-US/images/chap-workstation.png' @ warning/png.c/MagickPNGWarningHandler/1665.
identify-im6.q16: iCCP: profile 'icc': 'RGB ': RGB color space not permitted on grayscale PNG `./en-US/images/chap-security.png' @ warning/png.c/MagickPNGWarningHandler/1665.
identify-im6.q16: iCCP: profile 'icc': 'RGB ': RGB color space not permitted on grayscale PNG `./en-US/images/chap-debian-packaging.png' @ warning/png.c/MagickPNGWarningHandler/1665.
identify-im6.q16: iCCP: profile 'icc': 'RGB ': RGB color space not permitted on grayscale PNG `./en-US/images/chap-conclusion.png' @ warning/png.c/MagickPNGWarningHandler/1665.
identify-im6.q16: iCCP: profile 'icc': 'RGB ': RGB color space not permitted on grayscale PNG `./en-US/images/chap-short-remedial-course.png' @ warning/png.c/MagickPNGWarningHandler/1665.
