./ro-RO/00a_preface.po
./ro-RO/00b_foreword.po
./ro-RO/01_the-debian-project.po
./ro-RO/02_case-study.po
./ro-RO/03_existing-setup.po
./ro-RO/04_installation.po
./ro-RO/05_packaging-system.po
./ro-RO/06_apt.po
./ro-RO/07_solving-problems.po
./ro-RO/08_basic-configuration.po
./ro-RO/09_unix-services.po
./ro-RO/10_network-infrastructure.po
./ro-RO/11_network-services.po
./ro-RO/12_advanced-administration.po
./ro-RO/13_workstation.po
./ro-RO/14_security.po
./ro-RO/15_debian-packaging.po
./ro-RO/70_conclusion.po
./ro-RO/90_derivative-distributions.po
./ro-RO/92_short-remedial-course.po
./ro-RO/99_backcover.po
./ro-RO/99_website.po
./ro-RO/Author_Group.po
./ro-RO/Book_Info.po
./ro-RO/Revision_History.po
./ro-RO/debian-handbook.po
identify-im6.q16: iCCP: profile 'icc': 'RGB ': RGB color space not permitted on grayscale PNG `./en-US/images/chap-basic-configuration.png' @ warning/png.c/MagickPNGWarningHandler/1654.
identify-im6.q16: iCCP: profile 'icc': 'RGB ': RGB color space not permitted on grayscale PNG `./en-US/images/chap-workstation.png' @ warning/png.c/MagickPNGWarningHandler/1654.
identify-im6.q16: iCCP: profile 'icc': 'RGB ': RGB color space not permitted on grayscale PNG `./en-US/images/chap-security.png' @ warning/png.c/MagickPNGWarningHandler/1654.
identify-im6.q16: iCCP: profile 'icc': 'RGB ': RGB color space not permitted on grayscale PNG `./en-US/images/chap-debian-packaging.png' @ warning/png.c/MagickPNGWarningHandler/1654.
identify-im6.q16: iCCP: profile 'icc': 'RGB ': RGB color space not permitted on grayscale PNG `./en-US/images/chap-conclusion.png' @ warning/png.c/MagickPNGWarningHandler/1654.
identify-im6.q16: iCCP: profile 'icc': 'RGB ': RGB color space not permitted on grayscale PNG `./en-US/images/chap-short-remedial-course.png' @ warning/png.c/MagickPNGWarningHandler/1654.
