./ar-MA/00a_preface.po
./ar-MA/00b_foreword.po
./ar-MA/01_the-debian-project.po
./ar-MA/02_case-study.po
./ar-MA/03_existing-setup.po
./ar-MA/04_installation.po
./ar-MA/05_packaging-system.po
./ar-MA/06_apt.po
./ar-MA/07_solving-problems.po
./ar-MA/08_basic-configuration.po
./ar-MA/09_unix-services.po
./ar-MA/10_network-infrastructure.po
./ar-MA/11_network-services.po
./ar-MA/12_advanced-administration.po
./ar-MA/13_workstation.po
./ar-MA/14_security.po
./ar-MA/15_debian-packaging.po
./ar-MA/70_conclusion.po
./ar-MA/90_derivative-distributions.po
./ar-MA/92_short-remedial-course.po
./ar-MA/99_backcover.po
./ar-MA/99_website.po
./ar-MA/Author_Group.po
./ar-MA/Book_Info.po
./ar-MA/Revision_History.po
./ar-MA/debian-handbook.po
identify-im6.q16: iCCP: profile 'icc': 'RGB ': RGB color space not permitted on grayscale PNG `./en-US/images/chap-basic-configuration.png' @ warning/png.c/MagickPNGWarningHandler/1654.
identify-im6.q16: iCCP: profile 'icc': 'RGB ': RGB color space not permitted on grayscale PNG `./en-US/images/chap-workstation.png' @ warning/png.c/MagickPNGWarningHandler/1654.
identify-im6.q16: iCCP: profile 'icc': 'RGB ': RGB color space not permitted on grayscale PNG `./en-US/images/chap-security.png' @ warning/png.c/MagickPNGWarningHandler/1654.
identify-im6.q16: iCCP: profile 'icc': 'RGB ': RGB color space not permitted on grayscale PNG `./en-US/images/chap-debian-packaging.png' @ warning/png.c/MagickPNGWarningHandler/1654.
identify-im6.q16: iCCP: profile 'icc': 'RGB ': RGB color space not permitted on grayscale PNG `./en-US/images/chap-conclusion.png' @ warning/png.c/MagickPNGWarningHandler/1654.
identify-im6.q16: iCCP: profile 'icc': 'RGB ': RGB color space not permitted on grayscale PNG `./en-US/images/chap-short-remedial-course.png' @ warning/png.c/MagickPNGWarningHandler/1654.
