./ru-RU/00a_preface.po
./ru-RU/00b_foreword.po
./ru-RU/01_the-debian-project.po
./ru-RU/02_case-study.po
./ru-RU/03_existing-setup.po
./ru-RU/04_installation.po
./ru-RU/05_packaging-system.po
./ru-RU/06_apt.po
./ru-RU/07_solving-problems.po
./ru-RU/08_basic-configuration.po
./ru-RU/09_unix-services.po
./ru-RU/10_network-infrastructure.po
./ru-RU/11_network-services.po
./ru-RU/12_advanced-administration.po
./ru-RU/13_workstation.po
./ru-RU/14_security.po
./ru-RU/15_debian-packaging.po
./ru-RU/70_conclusion.po
./ru-RU/90_derivative-distributions.po
./ru-RU/92_short-remedial-course.po
./ru-RU/99_backcover.po
./ru-RU/99_website.po
./ru-RU/Author_Group.po
./ru-RU/Book_Info.po
./ru-RU/Revision_History.po
./ru-RU/debian-handbook.po
identify-im6.q16: iCCP: profile 'icc': 'RGB ': RGB color space not permitted on grayscale PNG `./en-US/images/chap-basic-configuration.png' @ warning/png.c/MagickPNGWarningHandler/1656.
identify-im6.q16: iCCP: profile 'icc': 'RGB ': RGB color space not permitted on grayscale PNG `./en-US/images/chap-workstation.png' @ warning/png.c/MagickPNGWarningHandler/1656.
identify-im6.q16: iCCP: profile 'icc': 'RGB ': RGB color space not permitted on grayscale PNG `./en-US/images/chap-security.png' @ warning/png.c/MagickPNGWarningHandler/1656.
identify-im6.q16: iCCP: profile 'icc': 'RGB ': RGB color space not permitted on grayscale PNG `./en-US/images/chap-debian-packaging.png' @ warning/png.c/MagickPNGWarningHandler/1656.
identify-im6.q16: iCCP: profile 'icc': 'RGB ': RGB color space not permitted on grayscale PNG `./en-US/images/chap-conclusion.png' @ warning/png.c/MagickPNGWarningHandler/1656.
identify-im6.q16: iCCP: profile 'icc': 'RGB ': RGB color space not permitted on grayscale PNG `./en-US/images/chap-short-remedial-course.png' @ warning/png.c/MagickPNGWarningHandler/1656.
