./cs-CZ/00a_preface.po
./cs-CZ/00b_foreword.po
./cs-CZ/01_the-debian-project.po
./cs-CZ/02_case-study.po
./cs-CZ/03_existing-setup.po
./cs-CZ/04_installation.po
./cs-CZ/05_packaging-system.po
./cs-CZ/06_apt.po
./cs-CZ/07_solving-problems.po
./cs-CZ/08_basic-configuration.po
./cs-CZ/09_unix-services.po
./cs-CZ/10_network-infrastructure.po
./cs-CZ/11_network-services.po
./cs-CZ/12_advanced-administration.po
./cs-CZ/13_workstation.po
./cs-CZ/14_security.po
./cs-CZ/15_debian-packaging.po
./cs-CZ/70_conclusion.po
./cs-CZ/90_derivative-distributions.po
./cs-CZ/92_short-remedial-course.po
./cs-CZ/99_backcover.po
./cs-CZ/99_website.po
./cs-CZ/Author_Group.po
./cs-CZ/Book_Info.po
./cs-CZ/Revision_History.po
./cs-CZ/debian-handbook.po
identify-im6.q16: iCCP: profile 'icc': 'RGB ': RGB color space not permitted on grayscale PNG `./en-US/images/chap-basic-configuration.png' @ warning/png.c/MagickPNGWarningHandler/1667.
identify-im6.q16: iCCP: profile 'icc': 'RGB ': RGB color space not permitted on grayscale PNG `./en-US/images/chap-workstation.png' @ warning/png.c/MagickPNGWarningHandler/1667.
identify-im6.q16: iCCP: profile 'icc': 'RGB ': RGB color space not permitted on grayscale PNG `./en-US/images/chap-security.png' @ warning/png.c/MagickPNGWarningHandler/1667.
identify-im6.q16: iCCP: profile 'icc': 'RGB ': RGB color space not permitted on grayscale PNG `./en-US/images/chap-debian-packaging.png' @ warning/png.c/MagickPNGWarningHandler/1667.
identify-im6.q16: iCCP: profile 'icc': 'RGB ': RGB color space not permitted on grayscale PNG `./en-US/images/chap-conclusion.png' @ warning/png.c/MagickPNGWarningHandler/1667.
identify-im6.q16: iCCP: profile 'icc': 'RGB ': RGB color space not permitted on grayscale PNG `./en-US/images/chap-short-remedial-course.png' @ warning/png.c/MagickPNGWarningHandler/1667.
